<?xml version="1.0" encoding="UTF-8"?>
<!-- Generated by org.testng.reporters.JUnitReportReporter -->
<testsuite skipped="0" hostname="Nikunj" name="com.nbg.testcases.FlightSearchTest" tests="1" failures="0" timestamp="21 Oct 2019 09:48:21 GMT" time="125.059" errors="0">
  <testcase name="flightSearchTest" time="125.059" classname="com.nbg.testcases.FlightSearchTest"/>
</testsuite> <!-- com.nbg.testcases.FlightSearchTest -->
