<?xml version="1.0" encoding="UTF-8"?>
<!-- Generated by org.testng.reporters.JUnitReportReporter -->
<testsuite skipped="0" hostname="Nikunj" name="com.nbg.testcases.SignInTest" tests="1" failures="0" timestamp="21 Oct 2019 09:48:21 GMT" time="52.207" errors="0">
  <testcase name="signInTest" time="52.207" classname="com.nbg.testcases.SignInTest"/>
</testsuite> <!-- com.nbg.testcases.SignInTest -->
