<?xml version="1.0" encoding="UTF-8"?>
<!-- Generated by org.testng.reporters.JUnitReportReporter -->
<testsuite skipped="0" hostname="Nikunj" name="com.nbg.testcases.FlightSearchTest" tests="1" failures="0" timestamp="24 Oct 2019 07:04:48 GMT" time="14.235" errors="0">
  <testcase name="flightSearchTest" time="14.235" classname="com.nbg.testcases.FlightSearchTest"/>
</testsuite> <!-- com.nbg.testcases.FlightSearchTest -->
